2024-05-04 18:08:29,014 - INFO - Process scraping was successfully completed
2024-05-04 18:08:29,014 - INFO - Total number of records to insert: 36
2024-05-04 18:14:13,377 - INFO - Process scraping was successfully completed
2024-05-04 18:14:13,377 - INFO - Total number of records to insert: 36
2024-05-04 18:19:53,376 - INFO - Process scraping was successfully completed
2024-05-04 18:19:53,376 - INFO - Total number of records to insert: 108
2024-05-04 18:23:24,413 - INFO - Process scraping was successfully completed
2024-05-04 18:23:24,413 - INFO - Total number of records to insert: 36
2024-05-04 18:40:49,810 - INFO - Process scraping was successfully completed
2024-05-04 18:40:49,810 - INFO - Total number of records to insert: 36
2024-05-04 18:44:16,969 - INFO - Process scraping was successfully completed
2024-05-04 18:44:16,969 - INFO - Total number of records to insert: 36
2024-05-04 18:53:03,612 - INFO - Process scraping was successfully completed
2024-05-04 18:53:03,612 - INFO - Total number of records to insert: 36
2024-05-04 18:58:14,631 - INFO - Process scraping was successfully completed
2024-05-04 18:58:14,631 - INFO - Total number of records to insert: 0
2024-05-04 18:59:24,875 - INFO - Process scraping was successfully completed
2024-05-04 18:59:24,876 - INFO - Total number of records to insert: 36
2024-05-04 19:01:31,748 - INFO - Process scraping was successfully completed
2024-05-04 19:01:31,748 - INFO - Total number of records to insert: 0
2024-05-04 19:02:36,839 - INFO - Process scraping was successfully completed
2024-05-04 19:02:36,839 - INFO - Total number of records to insert: 36
2024-05-04 19:04:49,240 - INFO - Process scraping was successfully completed
2024-05-04 19:04:49,240 - INFO - Total number of records to insert: 0
2024-05-04 19:23:19,812 - INFO - Process scraping was successfully completed
2024-05-04 19:23:19,812 - INFO - Total number of records to insert: 36
2024-05-04 20:10:38,140 - INFO - Process scraping was successfully completed
2024-05-04 20:10:38,140 - INFO - Total number of records to insert: 40
2024-05-04 20:18:58,330 - INFO - Process scraping was successfully completed
2024-05-04 20:18:58,330 - INFO - Total number of records to insert: 0
2024-05-04 20:20:34,878 - INFO - Process scraping was successfully completed
2024-05-04 20:20:34,878 - INFO - Total number of records to insert: 40
2024-05-04 20:25:20,285 - INFO - Process scraping was successfully completed
2024-05-04 20:25:20,285 - INFO - Total number of records to insert: 40
2024-05-04 22:09:01,256 - INFO - Process scraping was successfully completed
2024-05-04 22:09:01,256 - INFO - Total number of records to insert: 40
2024-05-04 22:20:05,104 - INFO - Process scraping was successfully completed
2024-05-04 22:20:05,104 - INFO - Total number of records to insert: 1
2024-05-04 22:32:32,357 - INFO - Process scraping was successfully completed
2024-05-04 22:32:32,357 - INFO - Total number of records to insert: 0
2024-05-04 22:43:50,197 - INFO - Process scraping was successfully completed
2024-05-04 22:43:50,197 - INFO - Total number of records to insert: 73
2024-05-04 22:45:10,781 - INFO - Process scraping was successfully completed
2024-05-04 22:45:10,781 - INFO - Total number of records to insert: 1
2024-05-04 22:50:50,297 - INFO - Process scraping was successfully completed
2024-05-04 22:50:50,297 - INFO - Total number of records to insert: 1
2024-05-04 22:51:19,300 - INFO - Process scraping was successfully completed
2024-05-04 22:51:19,300 - INFO - Total number of records to insert: 0
2024-05-04 23:02:42,701 - INFO - Process scraping was successfully completed
2024-05-04 23:02:42,702 - INFO - Total number of records to insert: 0
2024-05-04 23:03:17,923 - INFO - Process scraping was successfully completed
2024-05-04 23:03:17,923 - INFO - Total number of records to insert: 0
2024-05-04 23:04:17,403 - INFO - Process scraping was successfully completed
2024-05-04 23:04:17,404 - INFO - Total number of records to insert: 0
2024-05-04 23:06:42,039 - INFO - Process scraping was successfully completed
2024-05-04 23:06:42,039 - INFO - Total number of records to insert: 1
2024-05-04 23:11:05,041 - INFO - Process scraping was successfully completed
2024-05-04 23:11:05,041 - INFO - Total number of records to insert: 0
2024-05-05 08:04:24,083 - INFO - Process scraping was successfully completed
2024-05-05 08:04:24,083 - INFO - Total number of records to insert: 395
2024-05-05 08:04:42,839 - INFO - Data was successfully exported to csv
2024-05-06 05:38:18,886 - INFO - Process scraping was successfully completed
2024-05-06 05:38:18,886 - INFO - Total number of records to insert: 1
2024-05-06 06:49:41,555 - INFO - Data was successfully exported to csv
2024-05-06 06:49:44,945 - INFO - Data was successfully exported to xlsx
2024-05-06 18:34:28,229 - INFO - Process scraping was successfully completed
2024-05-06 18:34:28,229 - INFO - Total number of records to insert: 0
2024-05-06 18:36:16,125 - INFO - Process scraping was successfully completed
2024-05-06 18:36:16,125 - INFO - Total number of records to insert: 0
2024-05-06 18:57:08,830 - INFO - Process scraping was successfully completed
2024-05-06 18:57:08,830 - INFO - Total number of records to insert: 0
2024-05-06 18:58:10,985 - INFO - Process scraping was successfully completed
2024-05-06 18:58:10,985 - INFO - Total number of records to insert: 0
2024-05-06 18:58:54,416 - INFO - Process scraping was successfully completed
2024-05-06 18:58:54,416 - INFO - Total number of records to insert: 0
2024-05-06 20:14:24,175 - INFO - Process scraping was successfully completed
2024-05-06 20:14:24,176 - INFO - Total number of records to insert: 0
2024-05-06 20:34:45,893 - INFO - Process scraping was successfully completed
2024-05-06 20:34:45,894 - INFO - Total number of records to insert: 0
2024-05-06 20:41:43,699 - INFO - Process scraping was successfully completed
2024-05-06 20:41:43,701 - INFO - Total number of records to insert: 0
2024-05-06 20:44:29,192 - INFO - Process scraping was successfully completed
2024-05-06 20:44:29,192 - INFO - Total number of records to insert: 0
2024-05-06 20:51:37,157 - INFO - Process scraping was successfully completed
2024-05-06 20:51:37,157 - INFO - Total number of records to insert: 0
2024-05-06 21:31:23,427 - INFO - Process scraping was successfully completed
2024-05-06 21:31:23,427 - INFO - Total number of records to insert: 36
2024-05-06 22:35:11,225 - INFO - Process scraping was successfully completed
2024-05-06 22:35:11,225 - INFO - Total number of records to insert: 0
2024-05-07 17:39:38,248 - INFO - Process scraping was successfully completed
2024-05-07 17:39:38,251 - INFO - Total number of records to insert: 0
2024-05-07 18:50:06,548 - INFO - Process scraping was successfully completed
2024-05-07 18:50:06,548 - INFO - Total number of records to insert: 0
2024-05-07 19:19:43,773 - INFO - Process scraping was successfully completed
2024-05-07 19:19:43,774 - INFO - Total number of records to insert: 0
2024-05-07 19:55:12,114 - INFO - Process scraping was successfully completed
2024-05-07 19:55:12,115 - INFO - Total number of records to insert: 0
2024-05-07 19:55:51,550 - INFO - Process scraping was successfully completed
2024-05-07 19:55:51,550 - INFO - Total number of records to insert: 109
2024-05-07 20:25:31,338 - INFO - Process scraping was successfully completed
2024-05-07 20:25:31,344 - INFO - Total number of records to insert: 106
2024-05-07 23:25:50,563 - INFO - Process scraping was successfully completed
2024-05-07 23:25:50,563 - INFO - Total number of records to insert: 0
2024-05-07 23:26:43,390 - INFO - Process scraping was successfully completed
2024-05-07 23:26:43,391 - INFO - Total number of records to insert: 0
2024-05-08 08:19:43,644 - INFO - Process scraping was successfully completed
2024-05-08 08:19:43,644 - INFO - Total number of records to insert: 36
2024-05-08 08:36:52,100 - INFO - Process scraping was successfully completed
2024-05-08 08:36:52,100 - INFO - Total number of records to insert: 0
2024-05-08 09:03:23,857 - INFO - Process scraping was successfully completed
2024-05-08 09:03:23,857 - INFO - Total number of records to insert: 0
2024-05-08 09:06:40,096 - INFO - Process scraping was successfully completed
2024-05-08 09:06:40,096 - INFO - Total number of records to insert: 36
2024-05-08 09:12:26,584 - INFO - Process scraping was successfully completed
2024-05-08 09:12:26,584 - INFO - Total number of records to insert: 0
2024-05-08 09:14:03,977 - INFO - Process scraping was successfully completed
2024-05-08 09:14:03,977 - INFO - Total number of records to insert: 0
2024-05-08 09:14:32,316 - INFO - Process scraping was successfully completed
2024-05-08 09:14:32,316 - INFO - Total number of records to insert: 0
2024-05-08 09:15:42,578 - INFO - Process scraping was successfully completed
2024-05-08 09:15:42,584 - INFO - Total number of records to insert: 0
2024-05-08 09:17:38,572 - INFO - Process scraping was successfully completed
2024-05-08 09:17:38,573 - INFO - Total number of records to insert: 36
2024-05-08 09:23:53,164 - INFO - Process scraping was successfully completed
2024-05-08 09:23:53,167 - INFO - Total number of records to insert: 0
2024-05-08 09:25:40,581 - INFO - Process scraping was successfully completed
2024-05-08 09:25:40,581 - INFO - Total number of records to insert: 0
2024-05-08 09:26:55,124 - INFO - Process scraping was successfully completed
2024-05-08 09:26:55,124 - INFO - Total number of records to insert: 0
2024-05-08 09:30:57,675 - INFO - Process scraping was successfully completed
2024-05-08 09:30:57,675 - INFO - Total number of records to insert: 0
2024-05-08 09:39:13,323 - INFO - Process scraping was successfully completed
2024-05-08 09:39:13,323 - INFO - Total number of records to insert: 0
2024-05-08 09:39:53,208 - INFO - Process scraping was successfully completed
2024-05-08 09:39:53,209 - INFO - Total number of records to insert: 36
2024-05-08 09:40:24,512 - INFO - Data was successfully inserted. 36 rows inserted.
2024-05-08 09:51:23,797 - INFO - Process scraping was successfully completed
2024-05-08 09:51:23,797 - INFO - Total number of records to insert: 108
2024-05-08 09:51:39,377 - INFO - Data was successfully inserted. 108 rows inserted.
2024-05-10 06:09:54,144 - INFO - Process scraping was successfully completed
2024-05-10 06:09:54,144 - INFO - Total number of records to insert: 0
2024-05-10 06:10:46,766 - INFO - Process scraping was successfully completed
2024-05-10 06:10:46,766 - INFO - Total number of records to insert: 0
2024-05-10 06:11:19,062 - INFO - Settings were successfully updated
2024-05-10 06:17:06,988 - INFO - Process scraping was successfully completed
2024-05-10 06:17:06,988 - INFO - Total number of records to insert: 0
2024-05-10 06:17:19,322 - INFO - Settings were successfully updated
2024-05-10 06:18:13,418 - INFO - Process scraping was successfully completed
2024-05-10 06:18:13,418 - INFO - Total number of records to insert: 110
2024-05-11 18:35:03,525 - INFO - Settings were successfully updated
2024-05-11 18:35:40,920 - INFO - Process scraping was successfully completed
2024-05-11 18:35:40,920 - INFO - Total number of records to insert: 0
2024-05-11 18:36:05,344 - INFO - Process scraping was successfully completed
2024-05-11 18:36:05,345 - INFO - Total number of records to insert: 68
2024-05-11 18:36:26,598 - INFO - Data was successfully inserted. 68 rows inserted.
2024-05-11 18:37:50,563 - INFO - Process scraping was successfully completed
2024-05-11 18:37:50,563 - INFO - Total number of records to insert: 0
2024-05-11 18:38:37,725 - INFO - Process scraping was successfully completed
2024-05-11 18:38:37,725 - INFO - Total number of records to insert: 0
2024-05-11 18:39:15,425 - INFO - Process scraping was successfully completed
2024-05-11 18:39:15,425 - INFO - Total number of records to insert: 0
2024-05-11 18:39:58,480 - INFO - Process scraping was successfully completed
2024-05-11 18:39:58,481 - INFO - Total number of records to insert: 0
2024-05-11 18:41:26,820 - INFO - Process scraping was successfully completed
2024-05-11 18:41:26,821 - INFO - Total number of records to insert: 0
2024-05-11 18:42:29,117 - INFO - Process scraping was successfully completed
2024-05-11 18:42:29,118 - INFO - Total number of records to insert: 0
2024-05-11 18:43:26,065 - INFO - Process scraping was successfully completed
2024-05-11 18:43:26,065 - INFO - Total number of records to insert: 110
2024-05-11 18:55:16,232 - INFO - Process scraping was successfully completed
2024-05-11 18:55:16,232 - INFO - Total number of records to insert: 0
2024-05-11 18:56:32,924 - INFO - Process scraping was successfully completed
2024-05-11 18:56:32,924 - INFO - Total number of records to insert: 0
2024-05-11 18:57:44,624 - INFO - Process scraping was successfully completed
2024-05-11 18:57:44,624 - INFO - Total number of records to insert: 110
2024-05-11 18:59:13,179 - INFO - Process scraping was successfully completed
2024-05-11 18:59:13,179 - INFO - Total number of records to insert: 0
2024-05-11 18:59:50,278 - INFO - Process scraping was successfully completed
2024-05-11 18:59:50,284 - INFO - Total number of records to insert: 0
2024-05-11 19:00:24,977 - INFO - Process scraping was successfully completed
2024-05-11 19:00:24,977 - INFO - Total number of records to insert: 66
2024-05-11 19:00:28,522 - INFO - Data was successfully inserted. 66 rows inserted.
2024-05-11 19:01:32,958 - INFO - Process scraping was successfully completed
2024-05-11 19:01:32,960 - INFO - Total number of records to insert: 0
2024-05-11 19:02:41,141 - INFO - Process scraping was successfully completed
2024-05-11 19:02:41,141 - INFO - Total number of records to insert: 0
2024-05-11 19:03:21,065 - INFO - Process scraping was successfully completed
2024-05-11 19:03:21,065 - INFO - Total number of records to insert: 105
2024-05-11 19:03:26,820 - INFO - Data was successfully inserted. 105 rows inserted.
2024-05-11 19:33:56,280 - INFO - Process scraping was successfully completed
2024-05-11 19:33:56,280 - INFO - Total number of records to insert: 63
2024-05-11 20:23:14,883 - INFO - Process scraping was successfully completed
2024-05-11 20:23:14,883 - INFO - Total number of records to insert: 0
2024-05-11 20:24:42,673 - INFO - Process scraping was successfully completed
2024-05-11 20:24:42,673 - INFO - Total number of records to insert: 0
2024-05-11 20:25:19,419 - INFO - Process scraping was successfully completed
2024-05-11 20:25:19,419 - INFO - Total number of records to insert: 0
2024-05-11 20:28:09,552 - INFO - Process scraping was successfully completed
2024-05-11 20:28:09,552 - INFO - Total number of records to insert: 0
2024-05-11 20:33:28,546 - INFO - Process scraping was successfully completed
2024-05-11 20:33:28,546 - INFO - Total number of records to insert: 0
2024-05-11 20:44:17,954 - INFO - Process scraping was successfully completed
2024-05-11 20:44:17,954 - INFO - Total number of records to insert: 202
2024-05-11 20:46:45,432 - INFO - Process scraping was successfully completed
2024-05-11 20:46:45,432 - INFO - Total number of records to insert: 0
2024-05-11 20:54:47,606 - INFO - Process scraping was successfully completed
2024-05-11 20:54:47,606 - INFO - Total number of records to insert: 0
2024-05-11 20:55:23,444 - INFO - Process scraping was successfully completed
2024-05-11 20:55:23,444 - INFO - Total number of records to insert: 0
2024-05-11 20:55:47,699 - INFO - Process scraping was successfully completed
2024-05-11 20:55:47,699 - INFO - Total number of records to insert: 200
2024-05-11 21:34:26,867 - INFO - Process scraping was successfully completed
2024-05-11 21:34:26,867 - INFO - Total number of records to insert: 0
2024-05-11 21:34:58,294 - INFO - Process scraping was successfully completed
2024-05-11 21:34:58,294 - INFO - Total number of records to insert: 0
2024-05-11 21:35:29,225 - INFO - Process scraping was successfully completed
2024-05-11 21:35:29,225 - INFO - Total number of records to insert: 0
2024-05-11 21:36:14,808 - INFO - Process scraping was successfully completed
2024-05-11 21:36:14,809 - INFO - Total number of records to insert: 0
2024-05-11 21:37:07,138 - INFO - Process scraping was successfully completed
2024-05-11 21:37:07,138 - INFO - Total number of records to insert: 202
2024-05-11 21:58:59,480 - INFO - Process scraping was successfully completed
2024-05-11 21:58:59,481 - INFO - Total number of records to insert: 0
2024-05-11 21:59:52,934 - INFO - Process scraping was successfully completed
2024-05-11 21:59:52,935 - INFO - Total number of records to insert: 0
2024-05-11 22:00:55,395 - INFO - Process scraping was successfully completed
2024-05-11 22:00:55,396 - INFO - Total number of records to insert: 0
2024-05-11 22:03:16,904 - INFO - Process scraping was successfully completed
2024-05-11 22:03:16,904 - INFO - Total number of records to insert: 0
2024-05-11 22:03:47,020 - INFO - Process scraping was successfully completed
2024-05-11 22:03:47,020 - INFO - Total number of records to insert: 0
2024-05-11 22:07:21,140 - INFO - Process scraping was successfully completed
2024-05-11 22:07:21,140 - INFO - Total number of records to insert: 0
2024-05-11 22:09:54,311 - INFO - Process scraping was successfully completed
2024-05-11 22:09:54,311 - INFO - Total number of records to insert: 0
2024-05-11 22:11:02,572 - INFO - Process scraping was successfully completed
2024-05-11 22:11:02,572 - INFO - Total number of records to insert: 202
2024-05-12 07:41:06,593 - INFO - Process scraping was successfully completed
2024-05-12 07:41:06,594 - INFO - Total number of records to insert: 0
2024-05-12 07:41:18,081 - INFO - Process scraping was successfully completed
2024-05-12 07:41:18,081 - INFO - Total number of records to insert: 0
2024-05-12 07:42:08,304 - INFO - Process scraping was successfully completed
2024-05-12 07:42:08,304 - INFO - Total number of records to insert: 0
2024-05-12 07:45:27,179 - INFO - All data was successfully deleted from DB
2024-05-12 07:46:07,585 - INFO - Process scraping was successfully completed
2024-05-12 07:46:07,585 - INFO - Total number of records to insert: 0
2024-05-12 07:46:21,952 - INFO - Settings were successfully updated
2024-05-12 07:48:07,775 - INFO - Process scraping was successfully completed
2024-05-12 07:48:07,776 - INFO - Total number of records to insert: 0
2024-05-12 07:50:47,973 - INFO - Process scraping was successfully completed
2024-05-12 07:50:47,973 - INFO - Total number of records to insert: 302
2024-05-12 08:04:18,018 - INFO - Process scraping was successfully completed
2024-05-12 08:04:18,019 - INFO - Total number of records to insert: 202
2024-05-12 08:52:40,201 - INFO - Process scraping was successfully completed
2024-05-12 08:52:40,201 - INFO - Total number of records to insert: 0
2024-05-12 08:54:27,454 - INFO - Process scraping was successfully completed
2024-05-12 08:54:27,454 - INFO - Total number of records to insert: 198
2024-05-12 08:57:33,587 - INFO - Settings were successfully updated
2024-05-12 08:58:14,474 - INFO - Process scraping was successfully completed
2024-05-12 08:58:14,476 - INFO - Total number of records to insert: 198
2024-05-12 08:58:25,262 - INFO - Data was successfully inserted. 198 rows inserted.
2024-05-12 09:00:01,532 - INFO - Process scraping was successfully completed
2024-05-12 09:00:01,533 - INFO - Total number of records to insert: 72
2024-05-12 09:00:07,853 - INFO - Data was successfully inserted. 72 rows inserted.
2024-05-12 09:01:08,569 - INFO - Process scraping was successfully completed
2024-05-12 09:01:08,570 - INFO - Total number of records to insert: 0
2024-05-12 09:01:22,705 - INFO - Process scraping was successfully completed
2024-05-12 09:01:22,705 - INFO - Total number of records to insert: 44
2024-05-12 09:14:53,593 - INFO - Process scraping was successfully completed
2024-05-12 09:14:53,594 - INFO - Total number of records to insert: 0
2024-05-12 09:15:13,829 - INFO - Process scraping was successfully completed
2024-05-12 09:15:13,830 - INFO - Total number of records to insert: 110
2024-05-12 09:15:23,952 - INFO - Data was successfully exported to csv
2024-05-12 09:21:38,546 - INFO - Process scraping was successfully completed
2024-05-12 09:21:38,546 - INFO - Total number of records to insert: 66
2024-05-12 09:21:43,965 - INFO - Data was successfully exported to csv
2024-05-12 09:26:59,826 - INFO - Process scraping was successfully completed
2024-05-12 09:26:59,826 - INFO - Total number of records to insert: 22
2024-05-12 09:27:15,135 - INFO - Data was successfully exported to csv
2024-05-12 09:27:16,308 - INFO - Data was successfully inserted. 22 rows inserted.
2024-05-12 09:30:43,893 - INFO - Process scraping was successfully completed
2024-05-12 09:30:43,894 - INFO - Total number of records to insert: 0
2024-05-12 09:32:17,981 - INFO - Process scraping was successfully completed
2024-05-12 09:32:17,981 - INFO - Total number of records to insert: 72
2024-05-12 09:32:22,496 - INFO - Data was successfully inserted. 72 rows inserted.
2024-05-12 09:33:03,327 - INFO - Process scraping was successfully completed
2024-05-12 09:33:03,327 - INFO - Total number of records to insert: 0
2024-05-12 09:33:31,438 - INFO - Process scraping was successfully completed
2024-05-12 09:33:31,439 - INFO - Total number of records to insert: 0
2024-05-12 09:34:01,720 - INFO - Process scraping was successfully completed
2024-05-12 09:34:01,720 - INFO - Total number of records to insert: 0
2024-05-12 09:38:53,446 - INFO - Process scraping was successfully completed
2024-05-12 09:38:53,446 - INFO - Total number of records to insert: 0
2024-05-12 09:39:22,191 - INFO - Process scraping was successfully completed
2024-05-12 09:39:22,191 - INFO - Total number of records to insert: 200
2024-05-12 09:39:25,684 - INFO - Data was successfully inserted. 200 rows inserted.
2024-05-12 12:22:10,812 - ERROR - Proxy pool empty
2024-05-12 12:24:17,181 - INFO - Using proxy for scraping: 20.111.54.16
2024-05-12 12:24:19,433 - INFO - Using proxy for scraping: 20.111.54.16
2024-05-12 12:24:20,949 - INFO - Using proxy for scraping: 20.111.54.16
2024-05-12 12:24:23,463 - INFO - Process scraping was successfully completed
2024-05-12 12:24:23,463 - INFO - Total number of records to insert: 36
2024-05-12 12:24:37,369 - INFO - Data was successfully inserted. 36 rows inserted.
2024-05-12 12:28:24,420 - ERROR - Proxy pool empty
2024-05-12 12:28:24,429 - INFO - Process scraping was successfully completed
2024-05-12 12:28:24,430 - INFO - Total number of records to insert: 0
2024-05-12 12:36:00,703 - INFO - Using proxy for scraping: 20.205.61.143
2024-05-12 12:36:03,291 - INFO - Using proxy for scraping: 20.205.61.143
2024-05-12 12:36:06,691 - INFO - Elapsed time for scraping: 0:00:05.987564
2024-05-12 12:36:06,691 - INFO - Total number of cars found: 72

2024-05-12 12:36:07,264 - INFO - Process scraping was successfully completed
2024-05-12 12:36:07,264 - INFO - Total number of records to insert: 36
2024-05-12 12:36:34,721 - INFO - Data was successfully inserted. 36 rows inserted.
2024-05-12 12:45:32,284 - INFO - Using proxy for scraping: 20.210.113.32
2024-05-12 12:45:33,926 - INFO - Using proxy for scraping: 20.205.61.143
2024-05-12 12:45:35,520 - INFO - Elapsed time for scraping: 0:00:03.250728
2024-05-12 12:45:35,520 - INFO - Total number of cars found: 72

2024-05-12 12:45:36,016 - INFO - Process scraping was successfully completed
2024-05-12 12:45:36,017 - INFO - Total number of records to insert: 0
2024-05-12 12:50:40,449 - INFO - Using proxy for scraping: 20.111.54.16
2024-05-12 12:50:42,000 - INFO - Using proxy for scraping: 20.111.54.16
2024-05-12 12:50:43,586 - INFO - Using proxy for scraping: 20.111.54.16
2024-05-12 12:50:45,295 - INFO - Elapsed time for scraping: 0:00:04.861229
2024-05-12 12:50:45,296 - INFO - Total number of cars found: 108

2024-05-12 12:50:46,213 - INFO - Process scraping was successfully completed
2024-05-12 12:50:46,214 - INFO - Total number of records to insert: 72
2024-05-12 13:40:18,518 - INFO - Settings were successfully updated
2024-05-12 13:40:38,416 - ERROR - Proxy pool empty
2024-05-12 13:40:38,416 - INFO - Elapsed time for scraping: 0:00:00.003656
2024-05-12 13:40:38,416 - INFO - Total number of cars found: 0

2024-05-12 13:40:38,422 - INFO - Process scraping was successfully completed
2024-05-12 13:40:38,425 - INFO - Total number of records to insert: 0
2024-05-12 13:41:33,600 - INFO - Using proxy for scraping: 20.206.106.192
2024-05-12 13:41:35,678 - INFO - Using proxy for scraping: 20.206.106.192
2024-05-12 13:41:52,166 - INFO - Using proxy for scraping: 20.206.106.192
2024-05-12 13:42:04,012 - INFO - Using proxy for scraping: 20.206.106.192
2024-05-12 13:42:15,872 - INFO - Elapsed time for scraping: 0:00:42.276014
2024-05-12 13:42:15,872 - INFO - Total number of cars found: 144

2024-05-12 13:42:16,740 - INFO - Process scraping was successfully completed
2024-05-12 13:42:16,740 - INFO - Total number of records to insert: 72
2024-05-12 13:59:49,859 - INFO - Settings were successfully updated
2024-05-12 13:59:58,258 - INFO - Settings were successfully updated
2024-05-12 14:59:48,677 - INFO - Elapsed time for scraping: 0:00:09.425913
2024-05-12 14:59:48,677 - INFO - Total number of cars found: 132

2024-05-12 14:59:49,734 - INFO - Process scraping was successfully completed
2024-05-12 14:59:49,735 - INFO - Total number of records to insert: 132
2024-05-12 15:00:03,737 - INFO - Data was successfully inserted. 132 rows inserted.
2024-05-12 15:00:17,916 - INFO - Settings were successfully updated
2024-05-12 15:00:22,345 - INFO - Settings were successfully updated
2024-05-12 15:10:38,700 - INFO - Elapsed time for scraping: 0:00:18.217604
2024-05-12 15:10:38,700 - INFO - Total number of cars found: 400

2024-05-12 15:10:42,347 - INFO - Process scraping was successfully completed
2024-05-12 15:10:42,349 - INFO - Total number of records to insert: 400
2024-05-12 15:10:55,879 - INFO - Data was successfully inserted. 400 rows inserted.
2024-05-12 15:23:02,917 - INFO - Elapsed time for scraping: 0:00:07.261712
2024-05-12 15:23:02,917 - INFO - Total number of cars found: 108

2024-05-12 15:23:04,280 - INFO - Process scraping was successfully completed
2024-05-12 15:23:04,280 - INFO - Total number of records to insert: 108
2024-05-12 15:23:13,748 - INFO - Data was successfully inserted. 108 rows inserted.
2024-05-12 15:23:47,563 - INFO - Settings were successfully updated
2024-05-12 15:24:27,598 - INFO - Elapsed time for scraping: 0:00:02.447897
2024-05-12 15:24:27,598 - INFO - Total number of cars found: 66

2024-05-12 15:24:28,712 - INFO - Process scraping was successfully completed
2024-05-12 15:24:28,713 - INFO - Total number of records to insert: 23
2024-05-12 15:30:09,225 - INFO - Elapsed time for scraping: 0:00:15.575367
2024-05-12 15:30:09,225 - INFO - Total number of cars found: 399

2024-05-12 15:30:14,756 - INFO - Process scraping was successfully completed
2024-05-12 15:30:14,756 - INFO - Total number of records to insert: 299
2024-05-12 16:19:06,749 - ERROR - Failed to get proxy list: Sample larger than population or is negative
2024-05-12 16:19:16,967 - ERROR - Failed to check proxies: cannot access local variable 'proxy_list' where it is not associated with a value
2024-05-12 16:20:02,575 - ERROR - Proxy pool empty
2024-05-12 16:20:02,575 - INFO - Elapsed time for scraping: 0:00:00
2024-05-12 16:20:02,575 - INFO - Total number of cars found: 0

2024-05-12 16:20:02,575 - INFO - Process scraping was successfully completed
2024-05-12 16:20:02,575 - INFO - Total number of records to insert: 0
2024-05-12 16:20:23,176 - ERROR - Failed to get proxy list: Sample larger than population or is negative
2024-05-12 16:20:26,522 - ERROR - Failed to check proxies: cannot access local variable 'proxy_list' where it is not associated with a value
2024-05-12 16:21:32,686 - ERROR - Proxy pool empty
2024-05-12 16:21:32,686 - INFO - Elapsed time for scraping: 0:00:00
2024-05-12 16:21:32,686 - INFO - Total number of cars found: 0

2024-05-12 16:21:32,700 - INFO - Process scraping was successfully completed
2024-05-12 16:21:32,700 - INFO - Total number of records to insert: 0
2024-05-12 16:21:49,385 - ERROR - Proxy pool empty
2024-05-12 16:21:49,386 - INFO - Elapsed time for scraping: 0:00:00.003321
2024-05-12 16:21:49,386 - INFO - Total number of cars found: 0

2024-05-12 16:21:49,392 - INFO - Process scraping was successfully completed
2024-05-12 16:21:49,398 - INFO - Total number of records to insert: 0
2024-05-12 16:22:20,043 - ERROR - Proxy pool empty
2024-05-12 16:22:20,043 - INFO - Elapsed time for scraping: 0:00:00
2024-05-12 16:22:20,043 - INFO - Total number of cars found: 0

2024-05-12 16:22:20,055 - INFO - Process scraping was successfully completed
2024-05-12 16:22:20,055 - INFO - Total number of records to insert: 0
2024-05-12 16:22:25,688 - ERROR - Proxy pool empty
2024-05-12 16:22:25,688 - INFO - Elapsed time for scraping: 0:00:00
2024-05-12 16:22:25,696 - INFO - Total number of cars found: 0

2024-05-12 16:22:25,698 - INFO - Process scraping was successfully completed
2024-05-12 16:22:25,703 - INFO - Total number of records to insert: 0
2024-05-12 16:40:30,350 - ERROR - Proxy pool empty
2024-05-12 16:40:30,350 - INFO - Elapsed time for scraping: 0:00:00
2024-05-12 16:40:30,350 - INFO - Total number of cars found: 0

2024-05-12 16:40:30,366 - INFO - Process scraping was successfully completed
2024-05-12 16:40:30,366 - INFO - Total number of records to insert: 0
2024-05-12 16:42:35,135 - ERROR - Proxy pool empty
2024-05-12 16:42:35,136 - INFO - Elapsed time for scraping: 0:00:00.048982
2024-05-12 16:42:35,137 - INFO - Total number of cars found: 0

2024-05-12 16:42:35,143 - INFO - Process scraping was successfully completed
2024-05-12 16:42:35,143 - INFO - Total number of records to insert: 0
2024-05-12 16:42:52,796 - ERROR - Proxy pool empty
2024-05-12 16:42:52,796 - INFO - Elapsed time for scraping: 0:00:00
2024-05-12 16:42:52,796 - INFO - Total number of cars found: 0

2024-05-12 16:42:52,807 - INFO - Process scraping was successfully completed
2024-05-12 16:42:52,807 - INFO - Total number of records to insert: 0
2024-05-12 16:43:03,246 - INFO - Settings were successfully updated
2024-05-12 16:43:17,263 - ERROR - Proxy pool empty
2024-05-12 16:43:17,263 - INFO - Elapsed time for scraping: 0:00:00
2024-05-12 16:43:17,263 - INFO - Total number of cars found: 0

2024-05-12 16:43:17,281 - INFO - Process scraping was successfully completed
2024-05-12 16:43:17,281 - INFO - Total number of records to insert: 0
2024-05-12 16:44:33,680 - INFO - Settings were successfully updated
2024-05-12 16:44:59,465 - ERROR - Proxy pool empty
2024-05-12 16:44:59,465 - INFO - Elapsed time for scraping: 0:00:00
2024-05-12 16:44:59,465 - INFO - Total number of cars found: 0

2024-05-12 16:44:59,479 - INFO - Process scraping was successfully completed
2024-05-12 16:44:59,479 - INFO - Total number of records to insert: 0
2024-05-12 16:45:25,014 - ERROR - Proxy pool empty
2024-05-12 16:45:25,014 - INFO - Elapsed time for scraping: 0:00:00
2024-05-12 16:45:25,014 - INFO - Total number of cars found: 0

2024-05-12 16:45:25,031 - INFO - Process scraping was successfully completed
2024-05-12 16:45:25,031 - INFO - Total number of records to insert: 0
2024-05-12 16:50:02,725 - ERROR - Proxy pool empty
2024-05-12 16:50:02,725 - INFO - Elapsed time for scraping: 0:00:00
2024-05-12 16:50:02,725 - INFO - Total number of cars found: 0

2024-05-12 16:50:02,725 - INFO - Process scraping was successfully completed
2024-05-12 16:50:02,725 - INFO - Total number of records to insert: 0
2024-05-12 16:50:24,010 - ERROR - Proxy pool empty
2024-05-12 16:50:24,010 - INFO - Elapsed time for scraping: 0:00:00
2024-05-12 16:50:24,010 - INFO - Total number of cars found: 0

2024-05-12 16:50:24,010 - INFO - Process scraping was successfully completed
2024-05-12 16:50:24,010 - INFO - Total number of records to insert: 0
2024-05-12 16:51:01,125 - ERROR - Proxy pool empty
2024-05-12 16:51:01,140 - INFO - Elapsed time for scraping: 0:00:00
2024-05-12 16:51:01,140 - INFO - Total number of cars found: 0

2024-05-12 16:51:01,143 - INFO - Process scraping was successfully completed
2024-05-12 16:51:01,143 - INFO - Total number of records to insert: 0
2024-05-12 16:51:28,308 - ERROR - Proxy pool empty
2024-05-12 16:51:28,308 - INFO - Elapsed time for scraping: 0:00:00
2024-05-12 16:51:28,308 - INFO - Total number of cars found: 0

2024-05-12 16:51:28,308 - INFO - Process scraping was successfully completed
2024-05-12 16:51:28,308 - INFO - Total number of records to insert: 0
2024-05-12 17:28:29,198 - INFO - Elapsed time for scraping: 0:00:03.496972
2024-05-12 17:28:29,198 - INFO - Total number of cars found: 72

2024-05-12 17:28:29,936 - INFO - Process scraping was successfully completed
2024-05-12 17:28:29,937 - INFO - Total number of records to insert: 0
2024-05-12 17:29:08,693 - INFO - Settings were successfully updated
2024-05-12 17:29:15,465 - INFO - Settings were successfully updated
2024-05-12 17:29:35,232 - INFO - Elapsed time for scraping: 0:00:02.201985
2024-05-12 17:29:35,233 - INFO - Total number of cars found: 44

2024-05-12 17:29:35,745 - INFO - Process scraping was successfully completed
2024-05-12 17:29:35,745 - INFO - Total number of records to insert: 44
2024-05-12 17:32:23,713 - INFO - Settings were successfully updated
2024-05-12 17:32:27,935 - INFO - Settings were successfully updated
2024-05-12 17:32:41,175 - INFO - Settings were successfully updated
2024-05-12 17:34:25,732 - INFO - Elapsed time for scraping: 0:00:03.160172
2024-05-12 17:34:25,732 - INFO - Total number of cars found: 72

2024-05-12 17:34:26,443 - INFO - Process scraping was successfully completed
2024-05-12 17:34:26,444 - INFO - Total number of records to insert: 0
2024-05-12 17:34:39,207 - INFO - Settings were successfully updated
2024-05-12 17:34:50,200 - INFO - Elapsed time for scraping: 0:00:01.719116
2024-05-12 17:34:50,202 - INFO - Total number of cars found: 44

2024-05-12 17:34:50,661 - INFO - Process scraping was successfully completed
2024-05-12 17:34:50,661 - INFO - Total number of records to insert: 44
2024-05-12 17:37:02,898 - ERROR - Proxy pool empty
2024-05-12 17:37:02,898 - INFO - Elapsed time for scraping: 0:00:00
2024-05-12 17:37:02,898 - INFO - Total number of cars found: 0

2024-05-12 17:37:02,915 - INFO - Process scraping was successfully completed
2024-05-12 17:37:02,915 - INFO - Total number of records to insert: 0
2024-05-12 17:37:28,161 - INFO - Elapsed time for scraping: 0:00:03.515248
2024-05-12 17:37:28,161 - INFO - Total number of cars found: 72

2024-05-12 17:37:29,057 - INFO - Process scraping was successfully completed
2024-05-12 17:37:29,062 - INFO - Total number of records to insert: 0
2024-05-12 17:37:39,169 - INFO - Settings were successfully updated
2024-05-12 17:37:51,184 - ERROR - Proxy pool empty
2024-05-12 17:37:51,190 - INFO - Elapsed time for scraping: 0:00:00.005799
2024-05-12 17:37:51,190 - INFO - Total number of cars found: 0

2024-05-12 17:37:51,196 - INFO - Process scraping was successfully completed
2024-05-12 17:37:51,197 - INFO - Total number of records to insert: 0
2024-05-12 20:12:23,704 - ERROR - Proxy pool empty
2024-05-12 20:12:23,710 - INFO - Elapsed time for scraping: 0:00:00.007354
2024-05-12 20:12:23,710 - INFO - Total number of cars found: 0

2024-05-12 20:12:23,712 - INFO - Process scraping was successfully completed
2024-05-12 20:12:23,713 - INFO - Total number of records to insert: 0
2024-05-12 20:29:32,230 - ERROR - Proxy pool empty
2024-05-12 20:29:32,230 - INFO - Elapsed time for scraping: 0:00:00
2024-05-12 20:29:32,230 - INFO - Total number of cars found: 0

2024-05-12 20:29:32,246 - INFO - Process scraping was successfully completed
2024-05-12 20:29:32,246 - INFO - Total number of records to insert: 0
2024-05-12 20:29:47,107 - ERROR - Proxy pool empty
2024-05-12 20:29:47,107 - INFO - Elapsed time for scraping: 0:00:00.001006
2024-05-12 20:29:47,108 - INFO - Total number of cars found: 0

2024-05-12 20:29:47,112 - INFO - Process scraping was successfully completed
2024-05-12 20:29:47,112 - INFO - Total number of records to insert: 0
2024-05-12 20:30:48,026 - ERROR - Proxy pool empty
2024-05-12 20:30:48,026 - INFO - Elapsed time for scraping: 0:00:00.015652
2024-05-12 20:30:48,026 - INFO - Total number of cars found: 0

2024-05-12 20:30:48,033 - INFO - Process scraping was successfully completed
2024-05-12 20:30:48,033 - INFO - Total number of records to insert: 0
2024-05-12 20:31:06,791 - ERROR - Proxy pool empty
2024-05-12 20:31:06,791 - INFO - Elapsed time for scraping: 0:00:00
2024-05-12 20:31:06,791 - INFO - Total number of cars found: 0

2024-05-12 20:31:06,808 - INFO - Process scraping was successfully completed
2024-05-12 20:31:06,809 - INFO - Total number of records to insert: 0
2024-05-12 20:32:46,753 - INFO - Elapsed time for scraping: 0:00:01.587805
2024-05-12 20:32:46,753 - INFO - Total number of cars found: 44

2024-05-12 20:32:47,168 - INFO - Process scraping was successfully completed
2024-05-12 20:32:47,168 - INFO - Total number of records to insert: 44
2024-05-12 20:33:49,122 - ERROR - Proxy pool empty
2024-05-12 20:33:49,136 - INFO - Elapsed time for scraping: 0:00:00.013155
2024-05-12 20:33:49,136 - INFO - Total number of cars found: 0

2024-05-12 20:33:49,142 - INFO - Process scraping was successfully completed
2024-05-12 20:33:49,143 - INFO - Total number of records to insert: 0
2024-05-12 20:34:02,503 - ERROR - Proxy pool empty
2024-05-12 20:34:02,503 - INFO - Elapsed time for scraping: 0:00:00.007690
2024-05-12 20:34:02,506 - INFO - Total number of cars found: 0

2024-05-12 20:34:02,511 - INFO - Process scraping was successfully completed
2024-05-12 20:34:02,511 - INFO - Total number of records to insert: 0
2024-05-12 20:34:13,593 - ERROR - Proxy pool empty
2024-05-12 20:34:13,593 - INFO - Elapsed time for scraping: 0:00:00
2024-05-12 20:34:13,598 - INFO - Total number of cars found: 0

2024-05-12 20:34:13,603 - INFO - Process scraping was successfully completed
2024-05-12 20:34:13,603 - INFO - Total number of records to insert: 0
2024-05-12 20:41:42,037 - ERROR - Proxy pool empty
2024-05-12 20:41:42,037 - INFO - Elapsed time for scraping: 0:00:00
2024-05-12 20:41:42,037 - INFO - Total number of cars found: 0

2024-05-12 20:41:42,052 - INFO - Process scraping was successfully completed
2024-05-12 20:41:42,052 - INFO - Total number of records to insert: 0
2024-05-12 20:42:02,479 - INFO - Elapsed time for scraping: 0:00:05.103095
2024-05-12 20:42:02,479 - INFO - Total number of cars found: 72

2024-05-12 20:42:03,366 - INFO - Process scraping was successfully completed
2024-05-12 20:42:03,366 - INFO - Total number of records to insert: 0
2024-05-12 20:43:42,101 - INFO - All data was successfully deleted from DB
2024-05-12 20:47:35,361 - ERROR - Proxy pool empty
2024-05-12 20:47:35,361 - INFO - Elapsed time for scraping: 0:00:00
2024-05-12 20:47:35,374 - INFO - Total number of cars found: 0

2024-05-12 20:47:35,379 - INFO - Process scraping was successfully completed
2024-05-12 20:47:35,380 - INFO - Total number of records to insert: 0
2024-05-12 20:47:46,453 - ERROR - Proxy pool empty
2024-05-12 20:47:46,453 - INFO - Elapsed time for scraping: 0:00:00.015645
2024-05-12 20:47:46,455 - INFO - Total number of cars found: 0

2024-05-12 20:47:46,462 - INFO - Process scraping was successfully completed
2024-05-12 20:47:46,463 - INFO - Total number of records to insert: 0
2024-05-12 20:48:03,945 - INFO - Settings were successfully updated
2024-05-12 20:48:08,873 - INFO - Settings were successfully updated
2024-05-12 20:48:32,394 - INFO - Elapsed time for scraping: 0:00:01.581191
2024-05-12 20:48:32,394 - INFO - Total number of cars found: 44

2024-05-12 20:48:32,659 - INFO - Process scraping was successfully completed
2024-05-12 20:48:32,659 - INFO - Total number of records to insert: 44
2024-05-12 20:50:31,791 - INFO - Elapsed time for scraping: 0:00:02.030053
2024-05-12 20:50:31,791 - INFO - Total number of cars found: 66

2024-05-12 20:50:32,096 - INFO - Process scraping was successfully completed
2024-05-12 20:50:32,096 - INFO - Total number of records to insert: 66
2024-05-12 20:51:58,699 - INFO - Elapsed time for scraping: 0:00:01.318038
2024-05-12 20:51:58,699 - INFO - Total number of cars found: 44

2024-05-12 20:51:59,036 - INFO - Process scraping was successfully completed
2024-05-12 20:51:59,038 - INFO - Total number of records to insert: 44
2024-05-12 20:52:02,655 - INFO - Data was successfully inserted. 44 rows inserted.
